#
# There is insufficient memory for the Java Runtime Environment to continue.
# Native memory allocation (malloc) failed to allocate 1048576 bytes for AllocateHeap
# Possible reasons:
#   The system is out of physical RAM or swap space
#   In 32 bit mode, the process size limit was hit
# Possible solutions:
#   Reduce memory load on the system
#   Increase physical memory or swap space
#   Check if swap backing store is full
#   Use 64 bit Java on a 64 bit OS
#   Decrease Java heap size (-Xmx/-Xms)
#   Decrease number of Java threads
#   Decrease Java thread stack sizes (-Xss)
#   Set larger code cache with -XX:ReservedCodeCacheSize=
# This output file may be truncated or incomplete.
#
#  Out of Memory Error (memory/allocation.inline.hpp:61), pid=14428, tid=0x000000000000479c
#
# JRE version:  (8.0_151-b12) (build )
# Java VM: Java HotSpot(TM) 64-Bit Server VM (25.151-b12 mixed mode windows-amd64 compressed oops)
# Failed to write core dump. Minidumps are not enabled by default on client versions of Windows
#

---------------  T H R E A D  ---------------

Current thread (0x0000000003040800):  JavaThread "Unknown thread" [_thread_in_vm, id=18332, stack(0x0000000002f40000,0x0000000003040000)]

Stack: [0x0000000002f40000,0x0000000003040000]
[error occurred during error reporting (printing stack bounds), id 0xc0000005]

Native frames: (J=compiled Java code, j=interpreted, Vv=VM code, C=native code)


---------------  P R O C E S S  ---------------

Java Threads: ( => current thread )

Other Threads:

=>0x0000000003040800 (exited) JavaThread "Unknown thread" [_thread_in_vm, id=18332, stack(0x0000000002f40000,0x0000000003040000)]

VM state:not at safepoint (normal execution)

VM Mutex/Monitor currently owned by a thread: None

Heap:
 PSYoungGen      total 75264K, used 1290K [0x00000000d5d80000, 0x00000000db180000, 0x0000000100000000)
  eden space 64512K, 2% used [0x00000000d5d80000,0x00000000d5ec2900,0x00000000d9c80000)
  from space 10752K, 0% used [0x00000000da700000,0x00000000da700000,0x00000000db180000)
  to   space 10752K, 0% used [0x00000000d9c80000,0x00000000d9c80000,0x00000000da700000)
 ParOldGen       total 172032K, used 0K [0x0000000081800000, 0x000000008c000000, 0x00000000d5d80000)
  object space 172032K, 0% used [0x0000000081800000,0x0000000081800000,0x000000008c000000)
 Metaspace       used 752K, capacity 1092K, committed 1152K, reserved 1060864K
  class space    used 75K, capacity 384K, committed 384K, reserved 1048576K

Card table byte_map: [0x0000000012500000,0x0000000012900000] byte_map_base: 0x00000000120f4000

Marking Bits: (ParMarkBitMap*) 0x0000000064e6d850
 Begin Bits: [0x00000000133b0000, 0x0000000015350000)
 End Bits:   [0x0000000015350000, 0x00000000172f0000)

Polling page: 0x0000000001550000

CodeCache: size=245760Kb used=328Kb max_used=328Kb free=245431Kb
 bounds [0x0000000003140000, 0x00000000033b0000, 0x0000000012140000]
 total_blobs=58 nmethods=0 adapters=38
 compilation: enabled

Compilation events (0 events):
No events

GC Heap History (0 events):
No events

Deoptimization events (0 events):
No events

Internal exceptions (0 events):
No events

Events (10 events):
Event: 0.118 loading class java/lang/Short
Event: 0.118 loading class java/lang/Short done
Event: 0.118 loading class java/lang/Integer
Event: 0.118 loading class java/lang/Integer done
Event: 0.118 loading class java/lang/Long
Event: 0.118 loading class java/lang/Long done
Event: 0.119 loading class java/lang/NullPointerException
Event: 0.119 loading class java/lang/NullPointerException done
Event: 0.119 loading class java/lang/ArithmeticException
Event: 0.119 loading class java/lang/ArithmeticException done


Dynamic libraries:
0x00007ff690d80000 - 0x00007ff690db7000 	C:\ProgramData\Oracle\Java\javapath\java.exe
0x00007ffb720c0000 - 0x00007ffb722a1000 	C:\WINDOWS\SYSTEM32\ntdll.dll
0x00007ffb585c0000 - 0x00007ffb585d4000 	C:\Program Files\AVAST Software\Avast\x64\aswhooka.dll
0x00007ffb70b30000 - 0x00007ffb70be2000 	C:\WINDOWS\System32\KERNEL32.DLL
0x00007ffb6e6a0000 - 0x00007ffb6e913000 	C:\WINDOWS\System32\KERNELBASE.dll
0x00007ffb6f820000 - 0x00007ffb6f8c1000 	C:\WINDOWS\System32\ADVAPI32.dll
0x00007ffb70a80000 - 0x00007ffb70b1e000 	C:\WINDOWS\System32\msvcrt.dll
0x00007ffb6f7c0000 - 0x00007ffb6f81b000 	C:\WINDOWS\System32\sechost.dll
0x00007ffb6ffb0000 - 0x00007ffb700d4000 	C:\WINDOWS\System32\RPCRT4.dll
0x00007ffb700e0000 - 0x00007ffb70270000 	C:\WINDOWS\System32\USER32.dll
0x00007ffb6e680000 - 0x00007ffb6e6a0000 	C:\WINDOWS\System32\win32u.dll
0x00007ffb6fae0000 - 0x00007ffb6fb08000 	C:\WINDOWS\System32\GDI32.dll
0x00007ffb6e4e0000 - 0x00007ffb6e672000 	C:\WINDOWS\System32\gdi32full.dll
0x00007ffb6f0b0000 - 0x00007ffb6f14f000 	C:\WINDOWS\System32\msvcp_win.dll
0x00007ffb6f450000 - 0x00007ffb6f54a000 	C:\WINDOWS\System32\ucrtbase.dll
0x00007ffb6bb10000 - 0x00007ffb6bd79000 	C:\WINDOWS\WinSxS\amd64_microsoft.windows.common-controls_6595b64144ccf1df_6.0.17134.471_none_fb3e9aab3068fc16\COMCTL32.dll
0x00007ffb706e0000 - 0x00007ffb70a02000 	C:\WINDOWS\System32\combase.dll
0x00007ffb6f030000 - 0x00007ffb6f0aa000 	C:\WINDOWS\System32\bcryptPrimitives.dll
0x00007ffb6fbb0000 - 0x00007ffb6fbdd000 	C:\WINDOWS\System32\IMM32.DLL
0x0000000065f70000 - 0x0000000066042000 	C:\Program Files\Java\jre1.8.0_151\bin\msvcr100.dll
0x0000000064650000 - 0x0000000064eed000 	C:\Program Files\Java\jre1.8.0_151\bin\server\jvm.dll
0x00007ffb6f750000 - 0x00007ffb6f758000 	C:\WINDOWS\System32\PSAPI.DLL
0x00007ffb59900000 - 0x00007ffb59909000 	C:\WINDOWS\SYSTEM32\WSOCK32.dll
0x00007ffb70a10000 - 0x00007ffb70a7c000 	C:\WINDOWS\System32\WS2_32.dll
0x00007ffb62b60000 - 0x00007ffb62b83000 	C:\WINDOWS\SYSTEM32\WINMM.dll
0x00007ffb66320000 - 0x00007ffb6632a000 	C:\WINDOWS\SYSTEM32\VERSION.dll
0x00007ffb62b30000 - 0x00007ffb62b5a000 	C:\WINDOWS\SYSTEM32\WINMMBASE.dll
0x00007ffb6e490000 - 0x00007ffb6e4d9000 	C:\WINDOWS\System32\cfgmgr32.dll
0x0000000065f60000 - 0x0000000065f6f000 	C:\Program Files\Java\jre1.8.0_151\bin\verify.dll
0x0000000065f30000 - 0x0000000065f59000 	C:\Program Files\Java\jre1.8.0_151\bin\java.dll
0x0000000065f10000 - 0x0000000065f26000 	C:\Program Files\Java\jre1.8.0_151\bin\zip.dll

VM Arguments:
jvm_args: -Xmx2024m 
java_command: lium.jar --fInputMask=C:\Users\Christoph\AppData\Roaming\PersonalAnalytics\audio-2018-12-16--23-26-38.wav --sOutputMask=C:\Users\Christoph\AppData\Roaming\PersonalAnalytics\lium-2018-12-16--23-26-38.seg --doCEClustering showName
java_class_path (initial): lium.jar
Launcher Type: SUN_STANDARD

Environment Variables:
JAVA_HOME=C:\Program Files\Java\jdk1.8.0_101
PATH=C:\Python27\;C:\Python27\Scripts;C:\ProgramData\Oracle\Java\javapath;C:\Windows\System32;C:\Windows;C:\Windows\System32\wbem;C:\Windows\System32\WindowsPowerShell\v1.0\;C:\Program Files\PuTTY\;C:\Program Files (x86)\Skype\Phone\;C:\pwt;C:\Users\Christoph\AppData\Local\shelx64;C:\Program Files (x86)\GnuPG\bin;C:\WINDOWS\system32;C:\WINDOWS;C:\WINDOWS\System32\Wbem;C:\WINDOWS\System32\WindowsPowerShell\v1.0\;C:\WINDOWS\System32\OpenSSH\;C:\Program Files\dotnet\;C:\xampp\php;C:\Users\Christoph\AppData\Local\ComposerSetup\bin;C:\Users\Christoph\AppData\Roaming\Composer\vendor\bin;C:\Users\Christoph\AppData\Local\Microsoft\WindowsApps;C:\apache-maven\bin;C:\Users\Christoph\AppData\Local\GnuPG\bin;
USERNAME=Christoph
OS=Windows_NT
PROCESSOR_IDENTIFIER=Intel64 Family 6 Model 60 Stepping 3, GenuineIntel



---------------  S Y S T E M  ---------------

OS: Windows 10.0 , 64 bit Build 17134 (10.0.17134.1)

CPU:total 8 (initial active 8) (4 cores per cpu, 2 threads per core) family 6 model 60 stepping 3, cmov, cx8, fxsr, mmx, sse, sse2, sse3, ssse3, sse4.1, sse4.2, popcnt, avx, avx2, aes, clmul, erms, lzcnt, ht, tsc, tscinvbit, bmi1, bmi2

Memory: 4k page, physical 16455812k(6926592k free), swap 26482400k(4564k free)

vm_info: Java HotSpot(TM) 64-Bit Server VM (25.151-b12) for windows-amd64 JRE (1.8.0_151-b12), built on Sep  5 2017 19:33:46 by "java_re" with MS VC++ 10.0 (VS2010)

time: Sun Dec 16 23:26:39 2018
elapsed time: 0 seconds (0d 0h 0m 0s)

